2026-03-02 16:26:38,775 - INFO - 🚀 Inizio pipeline di pulizia dati...
2026-03-02 16:26:51,500 - INFO - --- Info per distribution_centers ---
<class 'pandas.core.frame.DataFrame'>
RangeIndex: 10 entries, 0 to 9
Data columns (total 4 columns):
 #   Column     Non-Null Count  Dtype  
---  ------     --------------  -----  
 0   id         10 non-null     int64  
 1   name       10 non-null     object 
 2   latitude   10 non-null     float64
 3   longitude  10 non-null     float64
dtypes: float64(2), int64(1), object(1)
memory usage: 452.0+ bytes

2026-03-02 16:26:51,501 - INFO - 💾 Salvato: distribution_centers_clean.csv
2026-03-02 16:26:52,462 - INFO - --- Info per inventory_items ---
<class 'pandas.core.frame.DataFrame'>
RangeIndex: 489166 entries, 0 to 489165
Data columns (total 6 columns):
 #   Column                          Non-Null Count   Dtype 
---  ------                          --------------   ----- 
 0   id                              489166 non-null  int64 
 1   product_id                      489166 non-null  int64 
 2   product_distribution_center_id  489166 non-null  int64 
 3   in_stock                        489166 non-null  int64 
 4   month_year_creation             489166 non-null  object
 5   days_in_stock                   489166 non-null  int64 
dtypes: int64(5), object(1)
memory usage: 22.4+ MB

2026-03-02 16:26:52,463 - INFO - 💾 Salvato: inventory_items_clean.csv
2026-03-02 16:26:52,588 - INFO - --- Info per products ---
<class 'pandas.core.frame.DataFrame'>
RangeIndex: 29120 entries, 0 to 29119
Data columns (total 8 columns):
 #   Column                  Non-Null Count  Dtype  
---  ------                  --------------  -----  
 0   id                      29120 non-null  int64  
 1   cost                    29120 non-null  float64
 2   category                29120 non-null  object 
 3   name                    29120 non-null  object 
 4   brand                   29120 non-null  object 
 5   retail_price            29120 non-null  float64
 6   department              29120 non-null  object 
 7   distribution_center_id  29120 non-null  int64  
dtypes: float64(2), int64(2), object(4)
memory usage: 1.8+ MB

2026-03-02 16:26:52,588 - INFO - 💾 Salvato: products_clean.csv
2026-03-02 16:26:52,922 - INFO - --- Info per users ---
<class 'pandas.core.frame.DataFrame'>
RangeIndex: 100000 entries, 0 to 99999
Data columns (total 10 columns):
 #   Column          Non-Null Count   Dtype   
---  ------          --------------   -----   
 0   id              100000 non-null  int64   
 1   first_name      100000 non-null  object  
 2   last_name       100000 non-null  object  
 3   age             100000 non-null  int64   
 4   gender          100000 non-null  object  
 5   state           100000 non-null  object  
 6   city            100000 non-null  object  
 7   country         100000 non-null  object  
 8   traffic_source  100000 non-null  object  
 9   age_group       100000 non-null  category
dtypes: category(1), int64(2), object(7)
memory usage: 7.0+ MB

2026-03-02 16:26:52,922 - INFO - 💾 Salvato: users_clean.csv
2026-03-02 16:26:55,436 - INFO - --- Info per events ---
<class 'pandas.core.frame.DataFrame'>
RangeIndex: 688939 entries, 0 to 688938
Data columns (total 9 columns):
 #   Column          Non-Null Count   Dtype 
---  ------          --------------   ----- 
 0   session_id      688939 non-null  object
 1   user_id         688939 non-null  object
 2   finish          688939 non-null  int64 
 3   event_type      688939 non-null  object
 4   traffic_source  688939 non-null  object
 5   state           688939 non-null  object
 6   year            688939 non-null  int32 
 7   month           688939 non-null  int32 
 8   country         688939 non-null  object
dtypes: int32(2), int64(1), object(6)
memory usage: 42.0+ MB

2026-03-02 16:26:55,436 - INFO - 💾 Salvato: events_clean.csv
2026-03-02 16:26:56,254 - INFO - --- Info per order_items ---
<class 'pandas.core.frame.DataFrame'>
RangeIndex: 181119 entries, 0 to 181118
Data columns (total 9 columns):
 #   Column              Non-Null Count   Dtype  
---  ------              --------------   -----  
 0   id                  181119 non-null  int64  
 1   order_id            181119 non-null  int64  
 2   user_id             181119 non-null  int64  
 3   product_id          181119 non-null  int64  
 4   inventory_item_id   181119 non-null  int64  
 5   status              181119 non-null  object 
 6   sale_price          181119 non-null  float64
 7   cost                181119 non-null  float64
 8   profit_per_product  181119 non-null  float64
dtypes: float64(3), int64(5), object(1)
memory usage: 12.4+ MB

2026-03-02 16:26:56,254 - INFO - 💾 Salvato: order_items_clean.csv
2026-03-02 16:26:56,718 - INFO - --- Info per orders ---
<class 'pandas.core.frame.DataFrame'>
RangeIndex: 124681 entries, 0 to 124680
Data columns (total 10 columns):
 #   Column               Non-Null Count   Dtype  
---  ------               --------------   -----  
 0   order_id             124681 non-null  int64  
 1   user_id              124681 non-null  int64  
 2   status               124681 non-null  object 
 3   num_of_item          124681 non-null  int64  
 4   month_year_creation  124681 non-null  object 
 5   days_for_shipping    81280 non-null   float64
 6   days_for_delivery    43550 non-null   float64
 7   year                 124681 non-null  int32  
 8   month                124681 non-null  int32  
 9   profit               124681 non-null  float64
dtypes: float64(3), int32(2), int64(3), object(2)
memory usage: 8.6+ MB

2026-03-02 16:26:56,718 - INFO - 💾 Salvato: orders_clean.csv
2026-03-02 16:26:56,718 - INFO - ✨ Pipeline completata con successo! 🎉
